-------------------------------------------------------------------------------
Test set: com.nnk.springboot.controllers.RuleNameControllerTests
-------------------------------------------------------------------------------
Tests run: 11, Failures: 10, Errors: 0, Skipped: 0, Time elapsed: 0.27 s <<< FAILURE! - in com.nnk.springboot.controllers.RuleNameControllerTests
RuleNameList  Time elapsed: 0.004 s  <<< FAILURE!
java.lang.AssertionError: Status expected:<200> but was:<404>
	at com.nnk.springboot.controllers.RuleNameControllerTests.RuleNameList(RuleNameControllerTests.java:56)

RuleNameDelete  Time elapsed: 0.005 s  <<< FAILURE!
java.lang.AssertionError: Status expected:<302> but was:<404>
	at com.nnk.springboot.controllers.RuleNameControllerTests.RuleNameDelete(RuleNameControllerTests.java:164)

RuleNameAdd  Time elapsed: 0.005 s  <<< FAILURE!
java.lang.AssertionError: Status expected:<200> but was:<404>
	at com.nnk.springboot.controllers.RuleNameControllerTests.RuleNameAdd(RuleNameControllerTests.java:65)

RuleNamePostUpdateWithoutErrors  Time elapsed: 0.003 s  <<< FAILURE!
java.lang.AssertionError: Status expected:<302> but was:<404>
	at com.nnk.springboot.controllers.RuleNameControllerTests.RuleNamePostUpdateWithoutErrors(RuleNameControllerTests.java:129)

RuleNamePostUpdateWithErrors  Time elapsed: 0.004 s  <<< FAILURE!
java.lang.AssertionError: Status expected:<200> but was:<404>
	at com.nnk.springboot.controllers.RuleNameControllerTests.RuleNamePostUpdateWithErrors(RuleNameControllerTests.java:139)

RuleNameGetUpdateWithErrors  Time elapsed: 0.004 s  <<< FAILURE!
java.lang.AssertionError: Status expected:<302> but was:<404>
	at com.nnk.springboot.controllers.RuleNameControllerTests.RuleNameGetUpdateWithErrors(RuleNameControllerTests.java:116)

RuleNameValidateWithoutErrors  Time elapsed: 0.004 s  <<< FAILURE!
java.lang.AssertionError: Status expected:<302> but was:<404>
	at com.nnk.springboot.controllers.RuleNameControllerTests.RuleNameValidateWithoutErrors(RuleNameControllerTests.java:77)

RuleNameGetUpdateWithoutErrors  Time elapsed: 0.003 s  <<< FAILURE!
java.lang.AssertionError: Status expected:<200> but was:<404>
	at com.nnk.springboot.controllers.RuleNameControllerTests.RuleNameGetUpdateWithoutErrors(RuleNameControllerTests.java:103)

RuleNamePostUpdateWithException  Time elapsed: 0.005 s  <<< FAILURE!
java.lang.AssertionError: Status expected:<302> but was:<404>
	at com.nnk.springboot.controllers.RuleNameControllerTests.RuleNamePostUpdateWithException(RuleNameControllerTests.java:151)

RuleNameValidateWithErrors  Time elapsed: 0.002 s  <<< FAILURE!
java.lang.AssertionError: Status expected:<200> but was:<404>
	at com.nnk.springboot.controllers.RuleNameControllerTests.RuleNameValidateWithErrors(RuleNameControllerTests.java:90)

