<?xml version="1.0" encoding="UTF-8"?>
<testsuite xmlns:xsi="http://www.w3.org/2001/XMLSchema-instance" xsi:noNamespaceSchemaLocation="https://maven.apache.org/surefire/maven-surefire-plugin/xsd/surefire-test-report.xsd" name="com.nnk.springboot.controllers.HomeControllerTests" time="0.293" tests="3" errors="0" skipped="0" failures="2">
  <properties>
[...]
</properties>
  <testcase name="adminShouldReturnOK" classname="com.nnk.springboot.controllers.HomeControllerTests" time="0.004">
    <failure message="Status expected:&lt;302&gt; but was:&lt;404&gt;" type="java.lang.AssertionError"><![CDATA[java.lang.AssertionError: Status expected:<302> but was:<404>
	at com.nnk.springboot.controllers.HomeControllerTests.adminShouldReturnOK(HomeControllerTests.java:37)
]]></failure>
    <system-out><![CDATA[2022-10-14 16:04:25.765  INFO 19596 --- [           main] .b.t.a.w.s.WebMvcTestContextBootstrapper : Neither @ContextConfiguration nor @ContextHierarchy found for test class [com.nnk.springboot.controllers.HomeControllerTests], using SpringBootContextLoader
2022-10-14 16:04:25.766  INFO 19596 --- [           main] o.s.t.c.support.AbstractContextLoader    : Could not detect default resource locations for test class [com.nnk.springboot.controllers.HomeControllerTests]: no resource found for suffixes {-context.xml, Context.groovy}.
2022-10-14 16:04:25.766  INFO 19596 --- [           main] t.c.s.AnnotationConfigContextLoaderUtils : Could not detect default configuration classes for test class [com.nnk.springboot.controllers.HomeControllerTests]: HomeControllerTests does not declare any static, non-private, non-final, nested classes annotated with @Configuration.
2022-10-14 16:04:25.769  INFO 19596 --- [           main] .b.t.c.SpringBootTestContextBootstrapper : Found @SpringBootConfiguration com.nnk.springboot.Application for test class com.nnk.springboot.controllers.HomeControllerTests
2022-10-14 16:04:25.769  INFO 19596 --- [           main] .b.t.a.w.s.WebMvcTestContextBootstrapper : Loaded default TestExecutionListener class names from location [META-INF/spring.factories]: [org.springframework.boot.test.mock.mockito.MockitoTestExecutionListener, org.springframework.boot.test.mock.mockito.ResetMocksTestExecutionListener, org.springframework.boot.test.autoconfigure.restdocs.RestDocsTestExecutionListener, org.springframework.boot.test.autoconfigure.web.client.MockRestServiceServerResetTestExecutionListener, org.springframework.boot.test.autoconfigure.web.servlet.MockMvcPrintOnlyOnFailureTestExecutionListener, org.springframework.boot.test.autoconfigure.web.servlet.WebDriverTestExecutionListener, org.springframework.boot.test.autoconfigure.webservices.client.MockWebServiceServerTestExecutionListener, org.springframework.test.context.web.ServletTestExecutionListener, org.springframework.test.context.support.DirtiesContextBeforeModesTestExecutionListener, org.springframework.test.context.event.ApplicationEventsTestExecutionListener, org.springframework.test.context.support.DependencyInjectionTestExecutionListener, org.springframework.test.context.support.DirtiesContextTestExecutionListener, org.springframework.test.context.transaction.TransactionalTestExecutionListener, org.springframework.test.context.jdbc.SqlScriptsTestExecutionListener, org.springframework.test.context.event.EventPublishingTestExecutionListener, org.springframework.security.test.context.support.WithSecurityContextTestExecutionListener, org.springframework.security.test.context.support.ReactorContextTestExecutionListener]
2022-10-14 16:04:25.770  INFO 19596 --- [           main] .b.t.a.w.s.WebMvcTestContextBootstrapper : Using TestExecutionListeners: [org.springframework.test.context.web.ServletTestExecutionListener@2fe8ec31, org.springframework.test.context.support.DirtiesContextBeforeModesTestExecutionListener@46bcdf2e, org.springframework.test.context.event.ApplicationEventsTestExecutionListener@5927fc8e, org.springframework.boot.test.mock.mockito.MockitoTestExecutionListener@4eeda18f, org.springframework.boot.test.autoconfigure.SpringBootDependencyInjectionTestExecutionListener@268c4507, org.springframework.test.context.support.DirtiesContextTestExecutionListener@669bb57, org.springframework.test.context.transaction.TransactionalTestExecutionListener@60ccf498, org.springframework.test.context.jdbc.SqlScriptsTestExecutionListener@430ec0d7, org.springframework.test.context.event.EventPublishingTestExecutionListener@76e11cc, org.springframework.security.test.context.support.WithSecurityContextTestExecutionListener@4c96b175, org.springframework.security.test.context.support.ReactorContextTestExecutionListener@4bf9f44b, org.springframework.boot.test.mock.mockito.ResetMocksTestExecutionListener@7ec49d9b, org.springframework.boot.test.autoconfigure.restdocs.RestDocsTestExecutionListener@9d313fe, org.springframework.boot.test.autoconfigure.web.client.MockRestServiceServerResetTestExecutionListener@70b716a8, org.springframework.boot.test.autoconfigure.web.servlet.MockMvcPrintOnlyOnFailureTestExecutionListener@74e8ef59, org.springframework.boot.test.autoconfigure.web.servlet.WebDriverTestExecutionListener@2e1a8c1a, org.springframework.boot.test.autoconfigure.webservices.client.MockWebServiceServerTestExecutionListener@3fc736c4]

  .   ____          _            __ _ _
 /\\ / ___'_ __ _ _(_)_ __  __ _ \ \ \ \
( ( )\___ | '_ | '_| | '_ \/ _` | \ \ \ \
 \\/  ___)| |_)| | | | | || (_| |  ) ) ) )
  '  |____| .__|_| |_|_| |_\__, | / / / /
 =========|_|==============|___/=/_/_/_/
 :: Spring Boot ::                (v2.5.6)

2022-10-14 16:04:25.787  INFO 19596 --- [           main] c.n.s.controllers.HomeControllerTests    : Starting HomeControllerTests using Java 19 on MBP-de-Paul with PID 19596 (started by comte0 in /Users/comte0/openclassrooms/JavaDA_PROJECT7_RESTAPI/Poseiden-skeleton)
2022-10-14 16:04:25.788  INFO 19596 --- [           main] c.n.s.controllers.HomeControllerTests    : No active profile set, falling back to default profiles: default
2022-10-14 16:04:25.991  INFO 19596 --- [           main] .s.s.UserDetailsServiceAutoConfiguration : 

Using generated security password: 35236eeb-afa4-4fa1-ac87-e456531f74f5

2022-10-14 16:04:26.021  INFO 19596 --- [           main] o.s.s.web.DefaultSecurityFilterChain     : Will secure any request with [org.springframework.security.web.context.request.async.WebAsyncManagerIntegrationFilter@73d7b6b0, org.springframework.security.web.context.SecurityContextPersistenceFilter@1ae9cfca, org.springframework.security.web.header.HeaderWriterFilter@5a26a14, org.springframework.security.web.csrf.CsrfFilter@56ed024b, org.springframework.security.web.authentication.logout.LogoutFilter@47d32e33, org.springframework.security.web.authentication.UsernamePasswordAuthenticationFilter@605049be, org.springframework.security.web.authentication.ui.DefaultLoginPageGeneratingFilter@7c453a1f, org.springframework.security.web.authentication.ui.DefaultLogoutPageGeneratingFilter@64d0908c, org.springframework.security.web.authentication.www.BasicAuthenticationFilter@5ae50044, org.springframework.security.web.savedrequest.RequestCacheAwareFilter@d9c54cd, org.springframework.security.web.servletapi.SecurityContextHolderAwareRequestFilter@1b786da0, org.springframework.security.web.authentication.AnonymousAuthenticationFilter@62f2811, org.springframework.security.web.session.SessionManagementFilter@24287e5e, org.springframework.security.web.access.ExceptionTranslationFilter@8b3ea30, org.springframework.security.web.access.intercept.FilterSecurityInterceptor@dd3586e]
2022-10-14 16:04:26.054  INFO 19596 --- [           main] o.s.b.t.m.w.SpringBootMockServletContext : Initializing Spring TestDispatcherServlet ''
2022-10-14 16:04:26.054  INFO 19596 --- [           main] o.s.t.web.servlet.TestDispatcherServlet  : Initializing Servlet ''
2022-10-14 16:04:26.055  INFO 19596 --- [           main] o.s.t.web.servlet.TestDispatcherServlet  : Completed initialization in 1 ms
2022-10-14 16:04:26.060  INFO 19596 --- [           main] c.n.s.controllers.HomeControllerTests    : Started HomeControllerTests in 0.288 seconds (JVM running for 4.512)

MockHttpServletRequest:
      HTTP Method = GET
      Request URI = /admin/home
       Parameters = {}
          Headers = []
             Body = <no character encoding set>
    Session Attrs = {}

Handler:
             Type = org.springframework.web.servlet.resource.ResourceHttpRequestHandler

Async:
    Async started = false
     Async result = null

Resolved Exception:
             Type = null

ModelAndView:
        View name = null
             View = null
            Model = null

FlashMap:
       Attributes = null

MockHttpServletResponse:
           Status = 404
    Error message = null
          Headers = [Vary:"Origin", "Access-Control-Request-Method", "Access-Control-Request-Headers"]
     Content type = null
             Body = 
    Forwarded URL = null
   Redirected URL = null
          Cookies = []
]]></system-out>
  </testcase>
  <testcase name="failUrl" classname="com.nnk.springboot.controllers.HomeControllerTests" time="0.002"/>
  <testcase name="homeShouldReturnOK" classname="com.nnk.springboot.controllers.HomeControllerTests" time="0.003">
    <failure message="Status expected:&lt;200&gt; but was:&lt;404&gt;" type="java.lang.AssertionError"><![CDATA[java.lang.AssertionError: Status expected:<200> but was:<404>
	at com.nnk.springboot.controllers.HomeControllerTests.homeShouldReturnOK(HomeControllerTests.java:30)
]]></failure>
    <system-out><![CDATA[
MockHttpServletRequest:
      HTTP Method = GET
      Request URI = /
       Parameters = {}
          Headers = []
             Body = <no character encoding set>
    Session Attrs = {}

Handler:
             Type = org.springframework.web.servlet.resource.ResourceHttpRequestHandler

Async:
    Async started = false
     Async result = null

Resolved Exception:
             Type = null

ModelAndView:
        View name = null
             View = null
            Model = null

FlashMap:
       Attributes = null

MockHttpServletResponse:
           Status = 404
    Error message = null
          Headers = [Vary:"Origin", "Access-Control-Request-Method", "Access-Control-Request-Headers"]
     Content type = null
             Body = 
    Forwarded URL = null
   Redirected URL = null
          Cookies = []
]]></system-out>
  </testcase>
</testsuite>